<?xml version="1.0" encoding="UTF-8"?>
<testsuite name="Test gemfire UI" tests="2" skipped="0" failures="1" errors="0" timestamp="2022-11-10T16:28:11" hostname="kkonica-a01.vmware.com" time="40.493">
  <properties/>
  <testcase name="Login using the cluster url #1" classname="Test gemfire UI" time="7.945"/>
  <testcase name="Login using the cluster url #2" classname="Test gemfire UI" time="32.547">
    <failure message="org.opentest4j.AssertionFailedError: Locator expected to be visible&#10;Call log:&#10;Locator.expect with timeout 30000ms&#10;waiting for selector &quot;kk&quot;" type="org.opentest4j.AssertionFailedError">org.opentest4j.AssertionFailedError: Locator expected to be visible
Call log:
Locator.expect with timeout 30000ms
waiting for selector &quot;kk&quot;
	at app//com.microsoft.playwright.impl.AssertionsBase.expectImpl(AssertionsBase.java:68)
	at app//com.microsoft.playwright.impl.AssertionsBase.expectImpl(AssertionsBase.java:50)
	at app//com.microsoft.playwright.impl.LocatorAssertionsImpl.expectTrue(LocatorAssertionsImpl.java:338)
	at app//com.microsoft.playwright.impl.LocatorAssertionsImpl.isVisible(LocatorAssertionsImpl.java:333)
	at app//com.microsoft.playwright.assertions.LocatorAssertions.isVisible(LocatorAssertions.java:499)
	at app//PageObjects.GemfireLoginPage.verifyClusterMembersAndRegionsAreNotVisible(GemfireLoginPage.java:54)
	at app//StepDef.GemfireLoginStepDef.clusterMembersAndRegionsAreNotVisible(GemfireLoginStepDef.java:35)
	at ✽.cluster members and regions are not visible(file:///Users/kkonica/gemfire-ui-automation/src/test/resources/features/gemfire.feature:17)
</failure>
  </testcase>
  <system-out><![CDATA[
@test
Scenario: Login using the cluster url          # src/test/resources/features/gemfire.feature:4
Gemfire Management Console
  Given the user visits gemfire app url        # StepDef.GemfireLoginStepDef.the_user_visits_gemfire_app_url()
  When the user enables developer mode         # StepDef.GemfireLoginStepDef.the_user_enables_developer_mode()
  Then verify if the user is logged in         # StepDef.GemfireLoginStepDef.verify_if_the_user_is_logged_in()
  When the user connects the locator           # StepDef.GemfireLoginStepDef.theUserConnectsTheLocator()
  Then cluster members and regions are visible # StepDef.GemfireLoginStepDef.clusterMembersAndRegionsAreVisible()

@test
Scenario: Login using the cluster url              # src/test/resources/features/gemfire.feature:12
Gemfire Management Console
  Given the user visits gemfire app url            # StepDef.GemfireLoginStepDef.the_user_visits_gemfire_app_url()
  When the user enables developer mode             # StepDef.GemfireLoginStepDef.the_user_enables_developer_mode()
  Then verify if the user is logged in             # StepDef.GemfireLoginStepDef.verify_if_the_user_is_logged_in()
  When the user connects the locator               # StepDef.GemfireLoginStepDef.theUserConnectsTheLocator()
  Then cluster members and regions are not visible # StepDef.GemfireLoginStepDef.clusterMembersAndRegionsAreNotVisible()
      org.opentest4j.AssertionFailedError: Locator expected to be visible
Call log:
Locator.expect with timeout 30000ms
waiting for selector "kk"
	at com.microsoft.playwright.impl.AssertionsBase.expectImpl(AssertionsBase.java:68)
	at com.microsoft.playwright.impl.AssertionsBase.expectImpl(AssertionsBase.java:50)
	at com.microsoft.playwright.impl.LocatorAssertionsImpl.expectTrue(LocatorAssertionsImpl.java:338)
	at com.microsoft.playwright.impl.LocatorAssertionsImpl.isVisible(LocatorAssertionsImpl.java:333)
	at com.microsoft.playwright.assertions.LocatorAssertions.isVisible(LocatorAssertions.java:499)
	at PageObjects.GemfireLoginPage.verifyClusterMembersAndRegionsAreNotVisible(GemfireLoginPage.java:54)
	at StepDef.GemfireLoginStepDef.clusterMembersAndRegionsAreNotVisible(GemfireLoginStepDef.java:35)
	at ✽.cluster members and regions are not visible(file:///Users/kkonica/gemfire-ui-automation/src/test/resources/features/gemfire.feature:17)


    Embedding Login using the cluster url [image/png 84813 bytes]


    Screenshot captured

]]></system-out>
  <system-err><![CDATA[]]></system-err>
</testsuite>
