<?xml version="1.0" encoding="UTF-8"?>
<testsuite xmlns:xsi="http://www.w3.org/2001/XMLSchema-instance" xsi:noNamespaceSchemaLocation="https://maven.apache.org/surefire/maven-surefire-plugin/xsd/surefire-test-report-3.0.xsd" version="3.0" name="runner.TestRunner" time="16.497" tests="1" errors="0" skipped="0" failures="0">
  <properties>
    <property name="java.specification.version" value="17"/>
    <property name="sun.jnu.encoding" value="UTF-8"/>
    <property name="java.class.path" value="/Users/kkonica/Desktop/play/PlayDemo/target/test-classes:/Users/kkonica/Desktop/play/PlayDemo/target/classes:/Users/kkonica/.m2/repository/com/microsoft/playwright/playwright/1.26.0/playwright-1.26.0.jar:/Users/kkonica/.m2/repository/com/google/code/gson/gson/2.8.9/gson-2.8.9.jar:/Users/kkonica/.m2/repository/org/opentest4j/opentest4j/1.2.0/opentest4j-1.2.0.jar:/Users/kkonica/.m2/repository/com/microsoft/playwright/driver/1.26.0/driver-1.26.0.jar:/Users/kkonica/.m2/repository/com/microsoft/playwright/driver-bundle/1.26.0/driver-bundle-1.26.0.jar:/Users/kkonica/.m2/repository/io/cucumber/cucumber-java/6.10.4/cucumber-java-6.10.4.jar:/Users/kkonica/.m2/repository/io/cucumber/cucumber-core/6.10.4/cucumber-core-6.10.4.jar:/Users/kkonica/.m2/repository/io/cucumber/cucumber-gherkin/6.10.4/cucumber-gherkin-6.10.4.jar:/Users/kkonica/.m2/repository/io/cucumber/cucumber-gherkin-messages/6.10.4/cucumber-gherkin-messages-6.10.4.jar:/Users/kkonica/.m2/repository/io/cucumber/messages/15.0.0/messages-15.0.0.jar:/Users/kkonica/.m2/repository/io/cucumber/tag-expressions/3.0.1/tag-expressions-3.0.1.jar:/Users/kkonica/.m2/repository/io/cucumber/cucumber-expressions/10.3.0/cucumber-expressions-10.3.0.jar:/Users/kkonica/.m2/repository/io/cucumber/datatable/3.5.0/datatable-3.5.0.jar:/Users/kkonica/.m2/repository/io/cucumber/cucumber-plugin/6.10.4/cucumber-plugin-6.10.4.jar:/Users/kkonica/.m2/repository/io/cucumber/docstring/6.10.4/docstring-6.10.4.jar:/Users/kkonica/.m2/repository/io/cucumber/html-formatter/13.0.0/html-formatter-13.0.0.jar:/Users/kkonica/.m2/repository/io/cucumber/create-meta/4.0.0/create-meta-4.0.0.jar:/Users/kkonica/.m2/repository/org/apiguardian/apiguardian-api/1.1.1/apiguardian-api-1.1.1.jar:/Users/kkonica/.m2/repository/junit/junit/4.13.2/junit-4.13.2.jar:/Users/kkonica/.m2/repository/org/hamcrest/hamcrest-core/1.3/hamcrest-core-1.3.jar:/Users/kkonica/.m2/repository/io/cucumber/cucumber-junit/6.10.4/cucumber-junit-6.10.4.jar:/Users/kkonica/.m2/repository/commons-io/commons-io/2.11.0/commons-io-2.11.0.jar:/Users/kkonica/.m2/repository/tech/grasshopper/extentreports-cucumber6-adapter/2.13.0/extentreports-cucumber6-adapter-2.13.0.jar:/Users/kkonica/.m2/repository/tech/grasshopper/extent-pdf-report/2.7.0/extent-pdf-report-2.7.0.jar:/Users/kkonica/.m2/repository/tech/grasshopper/cucumber-pdf-report/2.10.0/cucumber-pdf-report-2.10.0.jar:/Users/kkonica/.m2/repository/org/apache/pdfbox/pdfbox/2.0.26/pdfbox-2.0.26.jar:/Users/kkonica/.m2/repository/org/apache/pdfbox/fontbox/2.0.26/fontbox-2.0.26.jar:/Users/kkonica/.m2/repository/org/knowm/xchart/xchart/3.8.0/xchart-3.8.0.jar:/Users/kkonica/.m2/repository/de/erichseifert/vectorgraphics2d/VectorGraphics2D/0.13/VectorGraphics2D-0.13.jar:/Users/kkonica/.m2/repository/de/rototor/pdfbox/graphics2d/0.30/graphics2d-0.30.jar:/Users/kkonica/.m2/repository/com/madgag/animated-gif-lib/1.4/animated-gif-lib-1.4.jar:/Users/kkonica/.m2/repository/org/yaml/snakeyaml/1.28/snakeyaml-1.28.jar:/Users/kkonica/.m2/repository/tech/grasshopper/table-layout/1.5.1/table-layout-1.5.1.jar:/Users/kkonica/.m2/repository/tech/grasshopper/rest-assured-cucumber-pdf-report/1.4.1/rest-assured-cucumber-pdf-report-1.4.1.jar:/Users/kkonica/.m2/repository/org/jsoup/jsoup/1.14.3/jsoup-1.14.3.jar:/Users/kkonica/.m2/repository/com/aventstack/klov-reporter/5.0.9/klov-reporter-5.0.9.jar:/Users/kkonica/.m2/repository/org/mongodb/bson/3.6.4/bson-3.6.4.jar:/Users/kkonica/.m2/repository/org/apache/httpcomponents/httpclient/4.5.13/httpclient-4.5.13.jar:/Users/kkonica/.m2/repository/org/apache/httpcomponents/httpcore/4.4.13/httpcore-4.4.13.jar:/Users/kkonica/.m2/repository/commons-logging/commons-logging/1.2/commons-logging-1.2.jar:/Users/kkonica/.m2/repository/commons-codec/commons-codec/1.11/commons-codec-1.11.jar:/Users/kkonica/.m2/repository/org/apache/httpcomponents/httpmime/4.5.13/httpmime-4.5.13.jar:/Users/kkonica/.m2/repository/tech/grasshopper/htmlextentreporter/1.0.1/htmlextentreporter-1.0.1.jar:/Users/kkonica/.m2/repository/org/mongodb/mongodb-driver/3.3.0/mongodb-driver-3.3.0.jar:/Users/kkonica/.m2/repository/org/mongodb/mongodb-driver-core/3.3.0/mongodb-driver-core-3.3.0.jar:/Users/kkonica/.m2/repository/com/aventstack/extentreports/5.0.9/extentreports-5.0.9.jar:/Users/kkonica/.m2/repository/io/reactivex/rxjava3/rxjava/3.0.4/rxjava-3.0.4.jar:/Users/kkonica/.m2/repository/org/reactivestreams/reactive-streams/1.0.3/reactive-streams-1.0.3.jar:/Users/kkonica/.m2/repository/org/freemarker/freemarker/2.3.30/freemarker-2.3.30.jar:/Users/kkonica/.m2/repository/org/projectlombok/lombok/1.18.24/lombok-1.18.24.jar:"/>
    <property name="java.vm.vendor" value="Oracle Corporation"/>
    <property name="sun.arch.data.model" value="64"/>
    <property name="java.vendor.url" value="https://java.oracle.com/"/>
    <property name="os.name" value="Mac OS X"/>
    <property name="java.vm.specification.version" value="17"/>
    <property name="sun.java.launcher" value="SUN_STANDARD"/>
    <property name="user.country" value="IN"/>
    <property name="sun.boot.library.path" value="/Library/Java/JavaVirtualMachines/jdk-17.0.4.1.jdk/Contents/Home/lib"/>
    <property name="sun.java.command" value="/Users/kkonica/Desktop/play/PlayDemo/target/surefire/surefirebooter7931306920286114725.jar /Users/kkonica/Desktop/play/PlayDemo/target/surefire 2022-10-16T00-36-53_010-jvmRun1 surefire17645054208417807667tmp surefire_01385684883851682460tmp"/>
    <property name="jdk.debug" value="release"/>
    <property name="surefire.test.class.path" value="/Users/kkonica/Desktop/play/PlayDemo/target/test-classes:/Users/kkonica/Desktop/play/PlayDemo/target/classes:/Users/kkonica/.m2/repository/com/microsoft/playwright/playwright/1.26.0/playwright-1.26.0.jar:/Users/kkonica/.m2/repository/com/google/code/gson/gson/2.8.9/gson-2.8.9.jar:/Users/kkonica/.m2/repository/org/opentest4j/opentest4j/1.2.0/opentest4j-1.2.0.jar:/Users/kkonica/.m2/repository/com/microsoft/playwright/driver/1.26.0/driver-1.26.0.jar:/Users/kkonica/.m2/repository/com/microsoft/playwright/driver-bundle/1.26.0/driver-bundle-1.26.0.jar:/Users/kkonica/.m2/repository/io/cucumber/cucumber-java/6.10.4/cucumber-java-6.10.4.jar:/Users/kkonica/.m2/repository/io/cucumber/cucumber-core/6.10.4/cucumber-core-6.10.4.jar:/Users/kkonica/.m2/repository/io/cucumber/cucumber-gherkin/6.10.4/cucumber-gherkin-6.10.4.jar:/Users/kkonica/.m2/repository/io/cucumber/cucumber-gherkin-messages/6.10.4/cucumber-gherkin-messages-6.10.4.jar:/Users/kkonica/.m2/repository/io/cucumber/messages/15.0.0/messages-15.0.0.jar:/Users/kkonica/.m2/repository/io/cucumber/tag-expressions/3.0.1/tag-expressions-3.0.1.jar:/Users/kkonica/.m2/repository/io/cucumber/cucumber-expressions/10.3.0/cucumber-expressions-10.3.0.jar:/Users/kkonica/.m2/repository/io/cucumber/datatable/3.5.0/datatable-3.5.0.jar:/Users/kkonica/.m2/repository/io/cucumber/cucumber-plugin/6.10.4/cucumber-plugin-6.10.4.jar:/Users/kkonica/.m2/repository/io/cucumber/docstring/6.10.4/docstring-6.10.4.jar:/Users/kkonica/.m2/repository/io/cucumber/html-formatter/13.0.0/html-formatter-13.0.0.jar:/Users/kkonica/.m2/repository/io/cucumber/create-meta/4.0.0/create-meta-4.0.0.jar:/Users/kkonica/.m2/repository/org/apiguardian/apiguardian-api/1.1.1/apiguardian-api-1.1.1.jar:/Users/kkonica/.m2/repository/junit/junit/4.13.2/junit-4.13.2.jar:/Users/kkonica/.m2/repository/org/hamcrest/hamcrest-core/1.3/hamcrest-core-1.3.jar:/Users/kkonica/.m2/repository/io/cucumber/cucumber-junit/6.10.4/cucumber-junit-6.10.4.jar:/Users/kkonica/.m2/repository/commons-io/commons-io/2.11.0/commons-io-2.11.0.jar:/Users/kkonica/.m2/repository/tech/grasshopper/extentreports-cucumber6-adapter/2.13.0/extentreports-cucumber6-adapter-2.13.0.jar:/Users/kkonica/.m2/repository/tech/grasshopper/extent-pdf-report/2.7.0/extent-pdf-report-2.7.0.jar:/Users/kkonica/.m2/repository/tech/grasshopper/cucumber-pdf-report/2.10.0/cucumber-pdf-report-2.10.0.jar:/Users/kkonica/.m2/repository/org/apache/pdfbox/pdfbox/2.0.26/pdfbox-2.0.26.jar:/Users/kkonica/.m2/repository/org/apache/pdfbox/fontbox/2.0.26/fontbox-2.0.26.jar:/Users/kkonica/.m2/repository/org/knowm/xchart/xchart/3.8.0/xchart-3.8.0.jar:/Users/kkonica/.m2/repository/de/erichseifert/vectorgraphics2d/VectorGraphics2D/0.13/VectorGraphics2D-0.13.jar:/Users/kkonica/.m2/repository/de/rototor/pdfbox/graphics2d/0.30/graphics2d-0.30.jar:/Users/kkonica/.m2/repository/com/madgag/animated-gif-lib/1.4/animated-gif-lib-1.4.jar:/Users/kkonica/.m2/repository/org/yaml/snakeyaml/1.28/snakeyaml-1.28.jar:/Users/kkonica/.m2/repository/tech/grasshopper/table-layout/1.5.1/table-layout-1.5.1.jar:/Users/kkonica/.m2/repository/tech/grasshopper/rest-assured-cucumber-pdf-report/1.4.1/rest-assured-cucumber-pdf-report-1.4.1.jar:/Users/kkonica/.m2/repository/org/jsoup/jsoup/1.14.3/jsoup-1.14.3.jar:/Users/kkonica/.m2/repository/com/aventstack/klov-reporter/5.0.9/klov-reporter-5.0.9.jar:/Users/kkonica/.m2/repository/org/mongodb/bson/3.6.4/bson-3.6.4.jar:/Users/kkonica/.m2/repository/org/apache/httpcomponents/httpclient/4.5.13/httpclient-4.5.13.jar:/Users/kkonica/.m2/repository/org/apache/httpcomponents/httpcore/4.4.13/httpcore-4.4.13.jar:/Users/kkonica/.m2/repository/commons-logging/commons-logging/1.2/commons-logging-1.2.jar:/Users/kkonica/.m2/repository/commons-codec/commons-codec/1.11/commons-codec-1.11.jar:/Users/kkonica/.m2/repository/org/apache/httpcomponents/httpmime/4.5.13/httpmime-4.5.13.jar:/Users/kkonica/.m2/repository/tech/grasshopper/htmlextentreporter/1.0.1/htmlextentreporter-1.0.1.jar:/Users/kkonica/.m2/repository/org/mongodb/mongodb-driver/3.3.0/mongodb-driver-3.3.0.jar:/Users/kkonica/.m2/repository/org/mongodb/mongodb-driver-core/3.3.0/mongodb-driver-core-3.3.0.jar:/Users/kkonica/.m2/repository/com/aventstack/extentreports/5.0.9/extentreports-5.0.9.jar:/Users/kkonica/.m2/repository/io/reactivex/rxjava3/rxjava/3.0.4/rxjava-3.0.4.jar:/Users/kkonica/.m2/repository/org/reactivestreams/reactive-streams/1.0.3/reactive-streams-1.0.3.jar:/Users/kkonica/.m2/repository/org/freemarker/freemarker/2.3.30/freemarker-2.3.30.jar:/Users/kkonica/.m2/repository/org/projectlombok/lombok/1.18.24/lombok-1.18.24.jar:"/>
    <property name="sun.cpu.endian" value="little"/>
    <property name="user.home" value="/Users/kkonica"/>
    <property name="user.language" value="en"/>
    <property name="java.specification.vendor" value="Oracle Corporation"/>
    <property name="java.version.date" value="2022-08-18"/>
    <property name="java.home" value="/Library/Java/JavaVirtualMachines/jdk-17.0.4.1.jdk/Contents/Home"/>
    <property name="file.separator" value="/"/>
    <property name="basedir" value="/Users/kkonica/Desktop/play/PlayDemo"/>
    <property name="java.vm.compressedOopsMode" value="Zero based"/>
    <property name="line.separator" value="&#10;"/>
    <property name="java.vm.specification.vendor" value="Oracle Corporation"/>
    <property name="java.specification.name" value="Java Platform API Specification"/>
    <property name="surefire.real.class.path" value="/Users/kkonica/Desktop/play/PlayDemo/target/surefire/surefirebooter7931306920286114725.jar"/>
    <property name="sun.management.compiler" value="HotSpot 64-Bit Tiered Compilers"/>
    <property name="java.runtime.version" value="17.0.4.1+1-LTS-2"/>
    <property name="user.name" value="kkonica"/>
    <property name="path.separator" value=":"/>
    <property name="os.version" value="12.4"/>
    <property name="java.runtime.name" value="Java(TM) SE Runtime Environment"/>
    <property name="file.encoding" value="US-ASCII"/>
    <property name="java.vm.name" value="Java HotSpot(TM) 64-Bit Server VM"/>
    <property name="localRepository" value="/Users/kkonica/.m2/repository"/>
    <property name="java.vendor.url.bug" value="https://bugreport.java.com/bugreport/"/>
    <property name="java.io.tmpdir" value="/var/folders/7g/x_kb2j7542n9361jbc9j0df40000gn/T/"/>
    <property name="java.version" value="17.0.4.1"/>
    <property name="user.dir" value="/Users/kkonica/Desktop/play/PlayDemo"/>
    <property name="os.arch" value="aarch64"/>
    <property name="java.vm.specification.name" value="Java Virtual Machine Specification"/>
    <property name="native.encoding" value="US-ASCII"/>
    <property name="java.library.path" value="/Users/kkonica/Library/Java/Extensions:/Library/Java/Extensions:/Network/Library/Java/Extensions:/System/Library/Java/Extensions:/usr/lib/java:."/>
    <property name="java.vm.info" value="mixed mode, sharing"/>
    <property name="java.vendor" value="Oracle Corporation"/>
    <property name="java.vm.version" value="17.0.4.1+1-LTS-2"/>
    <property name="sun.io.unicode.encoding" value="UnicodeBig"/>
    <property name="java.class.version" value="61.0"/>
  </properties>
  <testcase name="Verify if product features are visible for second highest priced Samsung TV" classname="Test amazon product page" time="12.596">
    <system-out><![CDATA[
@smoketest
Scenario: Verify if product features are visible for second highest priced Samsung TV # src/test/resources/features/Amazon.feature:4
Online Shopping site in India: Shop Online for Mobiles, Books, Watches, Shoes and More - Amazon.in
  Given I open the URL                                                                # StepDef.HomeStepDef.i_open_the_url()
  When I click on Search input box                                                    # StepDef.HomeStepDef.i_click_on_search_input_box()
  And I search for item                                                               # StepDef.HomeStepDef.i_search_for_item()
  And I click on second item link                                                     # StepDef.ProductStepDef.i_click_on_second_item_link()
  When I click on Add to Cart button                                                  # StepDef.ProductStepDef.i_click_on_add_to_cart_button()

Added to Cart

  Then TV should be added in the cart                                                 # StepDef.ProductStepDef.tv_should_be_added_in_the_cart()
]]></system-out>
  </testcase>
</testsuite>